<?xml version="1.0" encoding="UTF-8"?>
<!-- Generated by org.testng.reporters.JUnitReportReporter -->
<testsuite skipped="0" hostname="WS-HP-5CG6326SJ6" name="org.testing.TestScripts.TC3" tests="1" failures="0" timestamp="23 Jan 2021 20:39:53 GMT" time="87.133" errors="0">
  <testcase name="testcase3" time="87.133" classname="org.testing.TestScripts.TC3"/>
</testsuite> <!-- org.testing.TestScripts.TC3 -->
