<?xml version="1.0" encoding="UTF-8"?>
<!-- Generated by org.testng.reporters.JUnitReportReporter -->
<testsuite skipped="0" hostname="WS-HP-5CG6326SJ6" name="org.testing.TestScripts.TC1" tests="1" failures="0" timestamp="05 Jan 2021 18:08:30 GMT" time="75.927" errors="0">
  <testcase name="testcase1" time="75.927" classname="org.testing.TestScripts.TC1"/>
</testsuite> <!-- org.testing.TestScripts.TC1 -->
