<?xml version="1.0" encoding="UTF-8"?>
<!-- Generated by org.testng.reporters.JUnitReportReporter -->
<testsuite skipped="0" hostname="WS-HP-5CG6326SJ6" name="org.testing.TestScripts.TC2" tests="1" failures="0" timestamp="05 Jan 2021 18:08:30 GMT" time="71.676" errors="0">
  <testcase name="testcase2" time="71.676" classname="org.testing.TestScripts.TC2"/>
</testsuite> <!-- org.testing.TestScripts.TC2 -->
