<?xml version="1.0" encoding="UTF-8"?>
<!-- Generated by org.testng.reporters.JUnitReportReporter -->
<testsuite skipped="0" hostname="WS-HP-5CG6326SJ6" name="org.testing.TestScripts.TC8" tests="1" failures="0" timestamp="10 Jan 2021 05:48:04 GMT" time="55.490" errors="0">
  <testcase name="testcase8" time="55.490" classname="org.testing.TestScripts.TC8"/>
</testsuite> <!-- org.testing.TestScripts.TC8 -->
