<?xml version="1.0" encoding="UTF-8"?>
<!-- Generated by org.testng.reporters.JUnitReportReporter -->
<testsuite skipped="0" hostname="WS-HP-5CG6326SJ6" name="org.testing.TestScripts.TC5" tests="1" failures="0" timestamp="10 Jan 2021 17:25:24 GMT" time="102.749" errors="0">
  <testcase name="testcase5" time="102.749" classname="org.testing.TestScripts.TC5"/>
</testsuite> <!-- org.testing.TestScripts.TC5 -->
